This is pdfTeX, Version 3.141592653-2.6-1.40.22 (MiKTeX 21.2) (preloaded format=pdflatex 2021.3.6)  16 MAR 2021 01:50
entering extended mode
**./example.tex
(example.tex
LaTeX2e <2020-10-01> patch level 4
L3 programming layer <2021-02-18> xparse <2020-03-03>
(C:\Users\Igor\AppData\Local\Programs\MiKTeX\tex/latex/base\article.cls
Document Class: article 2020/04/10 v1.4m Standard LaTeX document class
(C:\Users\Igor\AppData\Local\Programs\MiKTeX\tex/latex/base\size10.clo
File: size10.clo 2020/04/10 v1.4m Standard LaTeX file (size option)
)
\c@part=\count179
\c@section=\count180
\c@subsection=\count181
\c@subsubsection=\count182
\c@paragraph=\count183
\c@subparagraph=\count184
\c@figure=\count185
\c@table=\count186
\abovecaptionskip=\skip47
\belowcaptionskip=\skip48
\bibindent=\dimen138
)
(C:\Users\Igor\AppData\Local\Programs\MiKTeX\tex/latex/hyperref\hyperref.sty
Package: hyperref 2021-02-10 v7.00j Hypertext links for LaTeX

(C:\Users\Igor\AppData\Local\Programs\MiKTeX\tex/generic/ltxcmds\ltxcmds.sty
Package: ltxcmds 2020-05-10 v1.25 LaTeX kernel commands for general use (HO)
)
(C:\Users\Igor\AppData\Local\Programs\MiKTeX\tex/generic/iftex\iftex.sty
Package: iftex 2020/03/06 v1.0d TeX engine tests
)
(C:\Users\Igor\AppData\Local\Programs\MiKTeX\tex/generic/pdftexcmds\pdftexcmds.
sty
Package: pdftexcmds 2020-06-27 v0.33 Utility functions of pdfTeX for LuaTeX (HO
)

(C:\Users\Igor\AppData\Local\Programs\MiKTeX\tex/generic/infwarerr\infwarerr.st
y
Package: infwarerr 2019/12/03 v1.5 Providing info/warning/error messages (HO)
)
Package pdftexcmds Info: \pdf@primitive is available.
Package pdftexcmds Info: \pdf@ifprimitive is available.
Package pdftexcmds Info: \pdfdraftmode found.
) (C:\Users\Igor\AppData\Local\Programs\MiKTeX\tex/latex/graphics\keyval.sty
Package: keyval 2014/10/28 v1.15 key=value parser (DPC)
\KV@toks@=\toks15
)
(C:\Users\Igor\AppData\Local\Programs\MiKTeX\tex/generic/kvsetkeys\kvsetkeys.st
y
Package: kvsetkeys 2019/12/15 v1.18 Key value parser (HO)
)
(C:\Users\Igor\AppData\Local\Programs\MiKTeX\tex/generic/kvdefinekeys\kvdefinek
eys.sty
Package: kvdefinekeys 2019-12-19 v1.6 Define keys (HO)
)
(C:\Users\Igor\AppData\Local\Programs\MiKTeX\tex/generic/pdfescape\pdfescape.st
y
Package: pdfescape 2019/12/09 v1.15 Implements pdfTeX's escape features (HO)
) (C:\Users\Igor\AppData\Local\Programs\MiKTeX\tex/latex/hycolor\hycolor.sty
Package: hycolor 2020-01-27 v1.10 Color options for hyperref/bookmark (HO)
)
(C:\Users\Igor\AppData\Local\Programs\MiKTeX\tex/latex/letltxmacro\letltxmacro.
sty
Package: letltxmacro 2019/12/03 v1.6 Let assignment for LaTeX macros (HO)
) (C:\Users\Igor\AppData\Local\Programs\MiKTeX\tex/latex/auxhook\auxhook.sty
Package: auxhook 2019-12-17 v1.6 Hooks for auxiliary files (HO)
)
(C:\Users\Igor\AppData\Local\Programs\MiKTeX\tex/latex/kvoptions\kvoptions.sty
Package: kvoptions 2020-10-07 v3.14 Key value format for package options (HO)
)
\@linkdim=\dimen139
\Hy@linkcounter=\count187
\Hy@pagecounter=\count188
(C:\Users\Igor\AppData\Local\Programs\MiKTeX\tex/latex/hyperref\pd1enc.def
File: pd1enc.def 2021-02-10 v7.00j Hyperref: PDFDocEncoding definition (HO)
Now handling font encoding PD1 ...
... no UTF-8 mapping file for font encoding PD1
)
(C:\Users\Igor\AppData\Local\Programs\MiKTeX\tex/latex/hyperref\hyperref-langpa
tches.def
File: hyperref-langpatches.def 2021-02-10 v7.00j Hyperref: patches for babel la
nguages
)
(C:\Users\Igor\AppData\Local\Programs\MiKTeX\tex/generic/intcalc\intcalc.sty
Package: intcalc 2019/12/15 v1.3 Expandable calculations with integers (HO)
)
(C:\Users\Igor\AppData\Local\Programs\MiKTeX\tex/generic/etexcmds\etexcmds.sty
Package: etexcmds 2019/12/15 v1.7 Avoid name clashes with e-TeX commands (HO)
)
\Hy@SavedSpaceFactor=\count189
(C:\Users\Igor\AppData\Local\Programs\MiKTeX\tex/latex/hyperref\puenc.def
File: puenc.def 2021-02-10 v7.00j Hyperref: PDF Unicode definition (HO)
Now handling font encoding PU ...
... no UTF-8 mapping file for font encoding PU
)
Package hyperref Info: Hyper figures OFF on input line 4192.
Package hyperref Info: Link nesting OFF on input line 4197.
Package hyperref Info: Hyper index ON on input line 4200.
Package hyperref Info: Plain pages OFF on input line 4207.
Package hyperref Info: Backreferencing OFF on input line 4212.
Package hyperref Info: Implicit mode ON; LaTeX internals redefined.
Package hyperref Info: Bookmarks ON on input line 4445.
\c@Hy@tempcnt=\count190

(C:\Users\Igor\AppData\Local\Programs\MiKTeX\tex/latex/url\url.sty
\Urlmuskip=\muskip16
Package: url 2013/09/16  ver 3.4  Verb mode for urls, etc.
)
LaTeX Info: Redefining \url on input line 4804.
\XeTeXLinkMargin=\dimen140

(C:\Users\Igor\AppData\Local\Programs\MiKTeX\tex/generic/bitset\bitset.sty
Package: bitset 2019/12/09 v1.3 Handle bit-vector datatype (HO)

(C:\Users\Igor\AppData\Local\Programs\MiKTeX\tex/generic/bigintcalc\bigintcalc.
sty
Package: bigintcalc 2019/12/15 v1.5 Expandable calculations on big integers (HO
)
))
\Fld@menulength=\count191
\Field@Width=\dimen141
\Fld@charsize=\dimen142
Package hyperref Info: Hyper figures OFF on input line 6075.
Package hyperref Info: Link nesting OFF on input line 6080.
Package hyperref Info: Hyper index ON on input line 6083.
Package hyperref Info: backreferencing OFF on input line 6090.
Package hyperref Info: Link coloring OFF on input line 6095.
Package hyperref Info: Link coloring with OCG OFF on input line 6100.
Package hyperref Info: PDF/A mode OFF on input line 6105.
LaTeX Info: Redefining \ref on input line 6145.
LaTeX Info: Redefining \pageref on input line 6149.

(C:\Users\Igor\AppData\Local\Programs\MiKTeX\tex/latex/base\atbegshi-ltx.sty
Package: atbegshi-ltx 2020/08/17 v1.0a Emulation of the original atbegshi packa
ge
with kernel methods
)
\Hy@abspage=\count192
\c@Item=\count193
\c@Hfootnote=\count194
)
Package hyperref Info: Driver (autodetected): hpdftex.

(C:\Users\Igor\AppData\Local\Programs\MiKTeX\tex/latex/hyperref\hpdftex.def
File: hpdftex.def 2021-02-10 v7.00j Hyperref driver for pdfTeX

(C:\Users\Igor\AppData\Local\Programs\MiKTeX\tex/latex/base\atveryend-ltx.sty
Package: atveryend-ltx 2020/08/19 v1.0a Emulation of the original atvery packag
e
with kernel methods
)
\Fld@listcount=\count195
\c@bookmark@seq@number=\count196

(C:\Users\Igor\AppData\Local\Programs\MiKTeX\tex/latex/rerunfilecheck\rerunfile
check.sty
Package: rerunfilecheck 2019/12/05 v1.9 Rerun checks for auxiliary files (HO)

(C:\Users\Igor\AppData\Local\Programs\MiKTeX\tex/generic/uniquecounter\uniqueco
unter.sty
Package: uniquecounter 2019/12/15 v1.4 Provide unlimited unique counter (HO)
)
Package uniquecounter Info: New unique counter `rerunfilecheck' on input line 2
86.
)
\Hy@SectionHShift=\skip49
) (sagetex.sty
Package: sagetex 2019/11/14 v3.4 embedding Sage into LaTeX documents

(C:\Users\Igor\AppData\Local\Programs\MiKTeX\tex/latex/latex-tools\verbatim.sty
Package: verbatim 2020-07-07 v1.5u LaTeX2e package for verbatim enhancements
\every@verbatim=\toks16
\verbatim@line=\toks17
\verbatim@in@stream=\read2
) (C:\Users\Igor\AppData\Local\Programs\MiKTeX\tex/latex/fancyvrb\fancyvrb.sty
Package: fancyvrb 2021/01/20 v3.7 verbatim text (tvz,hv)
\FV@CodeLineNo=\count197
\FV@InFile=\read3
\FV@TabBox=\box47
\c@FancyVerbLine=\count198
\FV@StepNumber=\count199
\FV@OutFile=\write3
) (C:\Users\Igor\AppData\Local\Programs\MiKTeX\tex/latex/listings\listings.sty
\lst@mode=\count266
\lst@gtempboxa=\box48
\lst@token=\toks18
\lst@length=\count267
\lst@currlwidth=\dimen143
\lst@column=\count268
\lst@pos=\count269
\lst@lostspace=\dimen144
\lst@width=\dimen145
\lst@newlines=\count270
\lst@lineno=\count271
\lst@maxwidth=\dimen146

(C:\Users\Igor\AppData\Local\Programs\MiKTeX\tex/latex/listings\lstmisc.sty
File: lstmisc.sty 2020/03/24 1.8d (Carsten Heinz)
\c@lstnumber=\count272
\lst@skipnumbers=\count273
\lst@framebox=\box49
)
(C:\Users\Igor\AppData\Local\Programs\MiKTeX\tex/latex/listings\listings.cfg
File: listings.cfg 2020/03/24 1.8d listings configuration
))
Package: listings 2020/03/24 1.8d (Carsten Heinz)

(C:\Users\Igor\AppData\Local\Programs\MiKTeX\tex/latex/graphics\color.sty
Package: color 2020/02/24 v1.2b Standard LaTeX Color (DPC)

(C:\Users\Igor\AppData\Local\Programs\MiKTeX\tex/latex/graphics-cfg\color.cfg
File: color.cfg 2016/01/02 v1.6 sample color configuration
)
Package color Info: Driver file: pdftex.def on input line 147.

(C:\Users\Igor\AppData\Local\Programs\MiKTeX\tex/latex/graphics-def\pdftex.def
File: pdftex.def 2020/10/05 v1.2a Graphics/color driver for pdftex
)) (C:\Users\Igor\AppData\Local\Programs\MiKTeX\tex/latex/graphics\graphicx.sty
Package: graphicx 2020/09/09 v1.2b Enhanced LaTeX Graphics (DPC,SPQR)

(C:\Users\Igor\AppData\Local\Programs\MiKTeX\tex/latex/graphics\graphics.sty
Package: graphics 2020/08/30 v1.4c Standard LaTeX Graphics (DPC,SPQR)

(C:\Users\Igor\AppData\Local\Programs\MiKTeX\tex/latex/graphics\trig.sty
Package: trig 2016/01/03 v1.10 sin cos tan (DPC)
)
(C:\Users\Igor\AppData\Local\Programs\MiKTeX\tex/latex/graphics-cfg\graphics.cf
g
File: graphics.cfg 2016/06/04 v1.11 sample graphics configuration
)
Package graphics Info: Driver file: pdftex.def on input line 105.
)
\Gin@req@height=\dimen147
\Gin@req@width=\dimen148
)
(C:\Users\Igor\AppData\Local\Programs\MiKTeX\tex/latex/makecmds\makecmds.sty
Package: makecmds 2009/09/03 v1.0a extra command making commands
)
(C:\Users\Igor\AppData\Local\Programs\MiKTeX\tex/generic/iftex\ifpdf.sty
Package: ifpdf 2019/10/25 v3.4 ifpdf legacy package. Use iftex instead.
)
(C:\Users\Igor\AppData\Local\Programs\MiKTeX\tex/latex/base\ifthen.sty
Package: ifthen 2014/09/29 v1.1c Standard LaTeX ifthen package (DPC)
)
(C:\Users\Igor\AppData\Local\Programs\MiKTeX\tex/generic/iftex\ifxetex.sty
Package: ifxetex 2019/10/25 v0.7 ifxetex legacy package. Use iftex instead.
)
\c@ST@inline=\count274
\c@ST@plot=\count275
\c@ST@cmdline=\count276
\sagetexindent=\skip50

(example.sagetex.sout)
\sagecommandlineskip=\skip51
)
(C:\Users\Igor\AppData\Local\Programs\MiKTeX\tex/latex/l3backend\l3backend-pdft
ex.def
File: l3backend-pdftex.def 2021-02-18 L3 backend support: PDF output (pdfTeX)
\l__color_backend_stack_int=\count277
\l__pdf_internal_box=\box50
) (example.aux)
\openout1 = `example.aux'.

LaTeX Font Info:    Checking defaults for OML/cmm/m/it on input line 30.
LaTeX Font Info:    ... okay on input line 30.
LaTeX Font Info:    Checking defaults for OMS/cmsy/m/n on input line 30.
LaTeX Font Info:    ... okay on input line 30.
LaTeX Font Info:    Checking defaults for OT1/cmr/m/n on input line 30.
LaTeX Font Info:    ... okay on input line 30.
LaTeX Font Info:    Checking defaults for T1/cmr/m/n on input line 30.
LaTeX Font Info:    ... okay on input line 30.
LaTeX Font Info:    Checking defaults for TS1/cmr/m/n on input line 30.
LaTeX Font Info:    ... okay on input line 30.
LaTeX Font Info:    Checking defaults for OMX/cmex/m/n on input line 30.
LaTeX Font Info:    ... okay on input line 30.
LaTeX Font Info:    Checking defaults for U/cmr/m/n on input line 30.
LaTeX Font Info:    ... okay on input line 30.
LaTeX Font Info:    Checking defaults for PD1/pdf/m/n on input line 30.
LaTeX Font Info:    ... okay on input line 30.
LaTeX Font Info:    Checking defaults for PU/pdf/m/n on input line 30.
LaTeX Font Info:    ... okay on input line 30.
Package hyperref Info: Link coloring OFF on input line 30.

(C:\Users\Igor\AppData\Local\Programs\MiKTeX\tex/latex/hyperref\nameref.sty
Package: nameref 2021-04-02 v2.47 Cross-referencing by name of section

(C:\Users\Igor\AppData\Local\Programs\MiKTeX\tex/latex/refcount\refcount.sty
Package: refcount 2019/12/15 v3.6 Data extraction from label references (HO)
)
(C:\Users\Igor\AppData\Local\Programs\MiKTeX\tex/generic/gettitlestring\gettitl
estring.sty
Package: gettitlestring 2019/12/15 v1.6 Cleanup title references (HO)
)
\c@section@level=\count278
)
LaTeX Info: Redefining \ref on input line 30.
LaTeX Info: Redefining \pageref on input line 30.
LaTeX Info: Redefining \nameref on input line 30.
 (example.out) (example.out)
\@outlinefile=\write4
\openout4 = `example.out'.

\c@lstlisting=\count279

(C:\Users\Igor\AppData\Local\Programs\MiKTeX\tex/context/base/mkii\supp-pdf.mki
i
[Loading MPS to PDF converter (version 2006.09.02).]
\scratchcounter=\count280
\scratchdimen=\dimen149
\scratchbox=\box51
\nofMPsegments=\count281
\nofMParguments=\count282
\everyMPshowfont=\toks19
\MPscratchCnt=\count283
\MPscratchDim=\dimen150
\MPnumerator=\count284
\makeMPintoPDFobject=\count285
\everyMPtoPDFconversion=\toks20
)
(C:\Users\Igor\AppData\Local\Programs\MiKTeX\tex/latex/epstopdf-pkg\epstopdf-ba
se.sty
Package: epstopdf-base 2020-01-24 v2.11 Base part for package epstopdf
Package epstopdf-base Info: Redefining graphics rule for `.eps' on input line 4
85.
)
\ST@sf=\write5
\openout5 = `example.sagetex.sage'.

LaTeX Font Info:    External font `cmex10' loaded for size
(Font)              <17.28> on input line 32.
LaTeX Font Info:    External font `cmex10' loaded for size
(Font)              <12> on input line 32.
LaTeX Font Info:    External font `cmex10' loaded for size
(Font)              <8> on input line 32.
LaTeX Font Info:    External font `cmex10' loaded for size
(Font)              <6> on input line 32.
LaTeX Font Info:    External font `cmex10' loaded for size
(Font)              <7> on input line 35.
LaTeX Font Info:    External font `cmex10' loaded for size
(Font)              <5> on input line 35.
 [1

{C:/Users/Igor/AppData/Local/MiKTeX/pdftex/config/pdftex.map}]
<sage-plots-for-example.tex/plot-0.pdf, id=54, 455.30101pt x 339.66899pt>
File: sage-plots-for-example.tex/plot-0.pdf Graphic file (type pdf)
<use sage-plots-for-example.tex/plot-0.pdf>
Package pdftex.def Info: sage-plots-for-example.tex/plot-0.pdf  used on input l
ine 97.
(pdftex.def)             Requested size: 455.2999pt x 339.66815pt.

Overfull \hbox (125.2999pt too wide) in paragraph at lines 97--98
[][]
 []


Underfull \hbox (badness 10000) in paragraph at lines 97--98

 []

<sage-plots-for-example.tex/plot-1.pdf, id=55, 455.30101pt x 339.66899pt>
File: sage-plots-for-example.tex/plot-1.pdf Graphic file (type pdf)
<use sage-plots-for-example.tex/plot-1.pdf>
Package pdftex.def Info: sage-plots-for-example.tex/plot-1.pdf  used on input l
ine 113.
(pdftex.def)             Requested size: 91.05858pt x 67.93259pt.
[2 <./sage-plots-for-example.tex/plot-0.pdf>]
<sage-plots-for-example.tex/plot-2.pdf, id=74, 455.30101pt x 339.66899pt>
File: sage-plots-for-example.tex/plot-2.pdf Graphic file (type pdf)
<use sage-plots-for-example.tex/plot-2.pdf>
Package pdftex.def Info: sage-plots-for-example.tex/plot-2.pdf  used on input l
ine 118.
(pdftex.def)             Requested size: 258.75pt x 193.0432pt.
<sage-plots-for-example.tex/plot-3.png, id=75, 454.5783pt x 338.2236pt>
File: sage-plots-for-example.tex/plot-3.png Graphic file (type png)
<use sage-plots-for-example.tex/plot-3.png>
Package pdftex.def Info: sage-plots-for-example.tex/plot-3.png  used on input l
ine 136.
(pdftex.def)             Requested size: 454.57718pt x 338.22278pt.
 [3 <./sage-plots-for-example.tex/plot-1.pdf> <./sage-plots-for-example.tex/plo
t-2.pdf

pdfTeX warning: miktex-pdftex.exe (file ./sage-plots-for-example.tex/plot-2.pdf
): PDF inclusion: multiple pdfs with page group included in a single page
>]
<sage-plots-for-example.tex/plot-4.pdf, id=94, 353.00244pt x 208.89926pt>
File: sage-plots-for-example.tex/plot-4.pdf Graphic file (type pdf)
<use sage-plots-for-example.tex/plot-4.pdf>
Package pdftex.def Info: sage-plots-for-example.tex/plot-4.pdf  used on input l
ine 146.
(pdftex.def)             Requested size: 241.49895pt x 142.91344pt.
<sage-plots-for-example.tex/plot-5.pdf, id=95, 346.3623pt x 338.6628pt>
File: sage-plots-for-example.tex/plot-5.pdf Graphic file (type pdf)
<use sage-plots-for-example.tex/plot-5.pdf>
Package pdftex.def Info: sage-plots-for-example.tex/plot-5.pdf  used on input l
ine 158.
(pdftex.def)             Requested size: 114.29991pt x 111.75906pt.
 [4 <./sage-plots-for-example.tex/plot-3.png> <./sage-plots-for-example.tex/plo
t-4.pdf>]
<sage-plots-for-example.tex/plot-6.pdf, id=114, 345.18774pt x 339.25935pt>
File: sage-plots-for-example.tex/plot-6.pdf Graphic file (type pdf)
<use sage-plots-for-example.tex/plot-6.pdf>
Package pdftex.def Info: sage-plots-for-example.tex/plot-6.pdf  used on input l
ine 178.
(pdftex.def)             Requested size: 172.59344pt x 169.62926pt.
 [5 <./sage-plots-for-example.tex/plot-5.pdf> <./sage-plots-for-example.tex/plo
t-6.pdf

pdfTeX warning: miktex-pdftex.exe (file ./sage-plots-for-example.tex/plot-6.pdf
): PDF inclusion: multiple pdfs with page group included in a single page
>]
<sage-plots-for-example.tex/plot-7.png, id=144, 501.875pt x 501.875pt>
File: sage-plots-for-example.tex/plot-7.png Graphic file (type png)
<use sage-plots-for-example.tex/plot-7.png>
Package pdftex.def Info: sage-plots-for-example.tex/plot-7.png  used on input l
ine 273.
(pdftex.def)             Requested size: 250.93687pt x 250.93687pt.
<sage-plots-for-example.tex/plot-8.png, id=145, 501.875pt x 501.875pt>
File: sage-plots-for-example.tex/plot-8.png Graphic file (type png)
<use sage-plots-for-example.tex/plot-8.png>
Package pdftex.def Info: sage-plots-for-example.tex/plot-8.png  used on input l
ine 283.
(pdftex.def)             Requested size: 501.87376pt x 501.87376pt.

Overfull \hbox (171.87376pt too wide) in paragraph at lines 283--284
[][]
 []


Underfull \hbox (badness 10000) in paragraph at lines 283--284

 []

[6 <./sage-plots-for-example.tex/plot-7.png (PNG copy)>] [7 <./sage-plots-for-e
xample.tex/plot-8.png (PNG copy)>]
LaTeX Font Info:    External font `cmex10' loaded for size
(Font)              <14.4> on input line 307.
 [8]
\ST@df=\write6
\openout6 = `example_doctest.sage'.


Overfull \hbox (40.19351pt too wide) in paragraph at lines 367--370
\OT1/cmr/m/n/10 as well as the Sage-computed type-set out-put, re-new the \OT1/
cmtt/m/n/10 sageexampleincludetextoutput
 []

[9] [10]
LaTeX Font Info:    Font shape `OT1/cmtt/bx/n' in size <14.4> not available
(Font)              Font shape `OT1/cmtt/m/n' tried instead on input line 544.

(C:\Users\Igor\AppData\Local\Programs\MiKTeX\tex/latex/listings\lstlang1.sty
File: lstlang1.sty 2020/03/24 1.8d listings language file
)
LaTeX Font Info:    Font shape `OT1/cmtt/bx/n' in size <10> not available
(Font)              Font shape `OT1/cmtt/m/n' tried instead on input line 559.

(example.sagetex.scmd
consecutive:
) (example.sagetex.scmd
consecutive:
) (example.sagetex.scmd
consecutive:
) (example.sagetex.scmd
consecutive:
) (example.sagetex.scmd
consecutive:
) [11] (example.sagetex.scmd
consecutive:
) (example.sagetex.scmd
consecutive:
) (example.sagetex.scmd
consecutive:
) (example.sagetex.scmd
consecutive:
) (example.sagetex.scmd
consecutive:
) (example.sagetex.scmd
consecutive:
) (example.sagetex.scmd
consecutive:
) (example.sagetex.scmd
consecutive:
)

LaTeX Warning: Reference `diagonal' on page 12 undefined on input line 588.


LaTeX Warning: Reference `diagonal' on page 12 undefined on input line 589.


Overfull \hbox (48.27702pt too wide) in paragraph at lines 594--601
[]\OT1/cmr/m/n/10 You can also type-set the out-put by chang-ing the value of [
][]\OT1/cmtt/m/n/10 \sagecommandlinetextoutput
 []

(example.sagetex.scmd
consecutive:
) (example.sagetex.scmd
consecutive:
) (example.sagetex.scmd
consecutive:
) [12] (example.sagetex.scmd
consecutive:
) (example.sagetex.scmd
consecutive:
) (example.sagetex.scmd
consecutive:
) (example.sagetex.scmd
consecutive:
)
Overfull \hbox (6.22351pt too wide) in paragraph at lines 627--634
\OT1/cmr/m/n/10 as all the \OT1/cmtt/m/n/10 sagecommandline \OT1/cmr/m/n/10 en-
vi-ron-ment things get put into the ``[]\OT1/cmtt/m/n/10 doctest.sage\OT1/cmr/m
/n/10 ''
 []

(example.sagetex.scmd
consecutive:
) (example.sagetex.scmd
consecutive:
)
*********************************************************************
[13] (example.aux)

LaTeX Warning: There were undefined references.


LaTeX Warning: Label(s) may have changed. Rerun to get cross-references right.

Package rerunfilecheck Info: File `example.out' has not changed.
(rerunfilecheck)             Checksum: 28519063B03F0A98BBCACA48F51F2300;1747.
 ) 
Here is how much of TeX's memory you used:
 10335 strings out of 479334
 155579 string characters out of 2857560
 727174 words of memory out of 3000000
 27591 multiletter control sequences out of 15000+200000
 410568 words of font info for 51 fonts, out of 3000000 for 9000
 1141 hyphenation exceptions out of 8191
 83i,7n,88p,362b,1406s stack positions out of 5000i,500n,10000p,200000b,50000s
<C:/Users/Igor/AppData/Local/Programs/MiKTeX/fonts/type1/public/amsfonts/cm/c
mbx10.pfb><C:/Users/Igor/AppData/Local/Programs/MiKTeX/fonts/type1/public/amsfo
nts/cm/cmbx12.pfb><C:/Users/Igor/AppData/Local/Programs/MiKTeX/fonts/type1/publ
ic/amsfonts/cm/cmbxti10.pfb><C:/Users/Igor/AppData/Local/Programs/MiKTeX/fonts/
type1/public/amsfonts/cm/cmex10.pfb><C:/Users/Igor/AppData/Local/Programs/MiKTe
X/fonts/type1/public/amsfonts/cm/cmmi10.pfb><C:/Users/Igor/AppData/Local/Progra
ms/MiKTeX/fonts/type1/public/amsfonts/cm/cmr10.pfb><C:/Users/Igor/AppData/Local
/Programs/MiKTeX/fonts/type1/public/amsfonts/cm/cmr12.pfb><C:/Users/Igor/AppDat
a/Local/Programs/MiKTeX/fonts/type1/public/amsfonts/cm/cmr17.pfb><C:/Users/Igor
/AppData/Local/Programs/MiKTeX/fonts/type1/public/amsfonts/cm/cmr7.pfb><C:/User
s/Igor/AppData/Local/Programs/MiKTeX/fonts/type1/public/amsfonts/cm/cmr8.pfb><C
:/Users/Igor/AppData/Local/Programs/MiKTeX/fonts/type1/public/amsfonts/cm/cmss1
0.pfb><C:/Users/Igor/AppData/Local/Programs/MiKTeX/fonts/type1/public/amsfonts/
cm/cmss17.pfb><C:/Users/Igor/AppData/Local/Programs/MiKTeX/fonts/type1/public/a
msfonts/cm/cmsy10.pfb><C:/Users/Igor/AppData/Local/Programs/MiKTeX/fonts/type1/
public/amsfonts/cm/cmti10.pfb><C:/Users/Igor/AppData/Local/Programs/MiKTeX/font
s/type1/public/amsfonts/cm/cmtt10.pfb><C:/Users/Igor/AppData/Local/Programs/MiK
TeX/fonts/type1/public/amsfonts/cm/cmtt12.pfb>
Output written on example.pdf (13 pages, 307183 bytes).
PDF statistics:
 240 PDF objects out of 1000 (max. 8388607)
 20 named destinations out of 1000 (max. 500000)
 118 words of extra memory for PDF output out of 10000 (max. 10000000)

